<?xml version="1.0" encoding="UTF-8"?>
<!-- Generated by org.testng.reporters.JUnitXMLReporter -->
<testsuite ignored="0" hostname="DESKTOP-BRIK77V" failures="0" tests="6" name="XYZBank_Automation" time="26.395" errors="0" timestamp="2023-08-29T18:34:00 IST">
  <testcase classname="com.test.CustomerLoginTest" name="GetCurrentTitle" time="0.069"/>
  <testcase classname="com.test.CustomerLoginTest" name="CoustomerLogin" time="3.969"/>
  <testcase classname="com.test.CustomerLoginTest" name="setDepositAmount" time="3.543"/>
  <testcase classname="com.test.CustomerLoginTest" name="setTransactions" time="4.261"/>
  <testcase classname="com.test.CustomerLoginTest" name="setWithdrawl" time="3.392"/>
  <testcase classname="com.test.CustomerLoginTest" name="logout" time="0.24"/>
</testsuite> <!-- XYZBank_Automation -->
