<?xml version="1.0" encoding="UTF-8"?>
<!-- Generated by org.testng.reporters.JUnitXMLReporter -->
<testsuite ignored="0" hostname="DESKTOP-BRIK77V" failures="0" tests="10" name="XYZBank_Automation" time="30.691" errors="0" timestamp="2023-08-29T13:20:40 IST">
  <testcase classname="com.test.XYZBankTest" name="GetCurrentTitle" time="0.182"/>
  <testcase classname="com.test.XYZBankTest" name="CoustomerLogin" time="3.001"/>
  <testcase classname="com.test.XYZBankTest" name="setDepositAmount" time="3.172"/>
  <testcase classname="com.test.XYZBankTest" name="setTransactions" time="4.247"/>
  <testcase classname="com.test.XYZBankTest" name="setWithdrawl" time="4.666"/>
  <testcase classname="com.test.XYZBankTest" name="logout" time="0.344"/>
  <testcase classname="com.test.XYZBankTest" name="managerlogin" time="2.294"/>
  <testcase classname="com.test.XYZBankTest" name="customers" time="0.674"/>
  <testcase classname="com.test.XYZBankTest" name="openacc" time="1.291"/>
  <testcase classname="com.test.XYZBankTest" name="setSearch" time="0.433"/>
</testsuite> <!-- XYZBank_Automation -->
