<?xml version="1.0" encoding="UTF-8"?>
<testng-results ignored="0" total="6" passed="6" failed="0" skipped="0">
  <reporter-output>
  </reporter-output>
  <suite started-at="2023-08-30T16:57:36 IST" name="Default Suite" finished-at="2023-08-30T16:58:07 IST" duration-ms="31016">
    <groups>
    </groups>
    <test started-at="2023-08-30T16:57:36 IST" name="XYZBank_Automation" finished-at="2023-08-30T16:58:07 IST" duration-ms="31016">
      <class name="com.test.CustomerLoginTest">
        <test-method is-config="true" signature="initialise(java.lang.String)[pri:0, instance:com.test.CustomerLoginTest@4cc8eb05]" started-at="2023-08-30T16:57:36 IST" name="initialise" finished-at="2023-08-30T16:57:49 IST" duration-ms="13032" status="PASS">
          <params>
            <param index="0">
              <value>
                <![CDATA[Chrome]]>
              </value>
            </param>
          </params>
          <reporter-output>
          </reporter-output>
        </test-method> <!-- initialise -->
        <test-method signature="GetCurrentTitle()[pri:0, instance:com.test.CustomerLoginTest@4cc8eb05]" started-at="2023-08-30T16:57:49 IST" name="GetCurrentTitle" finished-at="2023-08-30T16:57:49 IST" duration-ms="144" status="PASS">
          <reporter-output>
          </reporter-output>
        </test-method> <!-- GetCurrentTitle -->
        <test-method signature="CoustomerLogin()[pri:1, instance:com.test.CustomerLoginTest@4cc8eb05]" started-at="2023-08-30T16:57:49 IST" name="CoustomerLogin" finished-at="2023-08-30T16:57:54 IST" duration-ms="4656" status="PASS">
          <reporter-output>
          </reporter-output>
        </test-method> <!-- CoustomerLogin -->
        <test-method signature="setDepositAmount()[pri:2, instance:com.test.CustomerLoginTest@4cc8eb05]" started-at="2023-08-30T16:57:54 IST" name="setDepositAmount" finished-at="2023-08-30T16:57:58 IST" duration-ms="3759" status="PASS">
          <reporter-output>
          </reporter-output>
        </test-method> <!-- setDepositAmount -->
        <test-method signature="setTransactions()[pri:3, instance:com.test.CustomerLoginTest@4cc8eb05]" started-at="2023-08-30T16:57:58 IST" name="setTransactions" finished-at="2023-08-30T16:58:02 IST" duration-ms="4287" status="PASS">
          <reporter-output>
          </reporter-output>
        </test-method> <!-- setTransactions -->
        <test-method signature="setWithdrawl()[pri:4, instance:com.test.CustomerLoginTest@4cc8eb05]" started-at="2023-08-30T16:58:02 IST" name="setWithdrawl" finished-at="2023-08-30T16:58:06 IST" duration-ms="4111" status="PASS">
          <reporter-output>
          </reporter-output>
        </test-method> <!-- setWithdrawl -->
        <test-method signature="logout()[pri:5, instance:com.test.CustomerLoginTest@4cc8eb05]" started-at="2023-08-30T16:58:06 IST" name="logout" finished-at="2023-08-30T16:58:07 IST" duration-ms="801" status="PASS">
          <reporter-output>
          </reporter-output>
        </test-method> <!-- logout -->
      </class> <!-- com.test.CustomerLoginTest -->
    </test> <!-- XYZBank_Automation -->
  </suite> <!-- Default Suite -->
</testng-results>
