<?xml version="1.0" encoding="UTF-8"?>
<testng-results ignored="0" total="6" passed="6" failed="0" skipped="0">
  <reporter-output>
  </reporter-output>
  <suite started-at="2023-08-29T18:33:33 IST" name="Default Suite" finished-at="2023-08-29T18:34:00 IST" duration-ms="26395">
    <groups>
    </groups>
    <test started-at="2023-08-29T18:33:33 IST" name="XYZBank_Automation" finished-at="2023-08-29T18:34:00 IST" duration-ms="26395">
      <class name="com.test.CustomerLoginTest">
        <test-method is-config="true" signature="initialise(java.lang.String)[pri:0, instance:com.test.CustomerLoginTest@6631f5ca]" started-at="2023-08-29T18:33:33 IST" name="initialise" finished-at="2023-08-29T18:33:44 IST" duration-ms="10694" status="PASS">
          <params>
            <param index="0">
              <value>
                <![CDATA[Chrome]]>
              </value>
            </param>
          </params>
          <reporter-output>
          </reporter-output>
        </test-method> <!-- initialise -->
        <test-method signature="GetCurrentTitle()[pri:0, instance:com.test.CustomerLoginTest@6631f5ca]" started-at="2023-08-29T18:33:44 IST" name="GetCurrentTitle" finished-at="2023-08-29T18:33:44 IST" duration-ms="69" status="PASS">
          <reporter-output>
          </reporter-output>
        </test-method> <!-- GetCurrentTitle -->
        <test-method signature="CoustomerLogin()[pri:1, instance:com.test.CustomerLoginTest@6631f5ca]" started-at="2023-08-29T18:33:44 IST" name="CoustomerLogin" finished-at="2023-08-29T18:33:48 IST" duration-ms="3969" status="PASS">
          <reporter-output>
          </reporter-output>
        </test-method> <!-- CoustomerLogin -->
        <test-method signature="setDepositAmount()[pri:2, instance:com.test.CustomerLoginTest@6631f5ca]" started-at="2023-08-29T18:33:48 IST" name="setDepositAmount" finished-at="2023-08-29T18:33:52 IST" duration-ms="3543" status="PASS">
          <reporter-output>
          </reporter-output>
        </test-method> <!-- setDepositAmount -->
        <test-method signature="setTransactions()[pri:3, instance:com.test.CustomerLoginTest@6631f5ca]" started-at="2023-08-29T18:33:52 IST" name="setTransactions" finished-at="2023-08-29T18:33:56 IST" duration-ms="4261" status="PASS">
          <reporter-output>
          </reporter-output>
        </test-method> <!-- setTransactions -->
        <test-method signature="setWithdrawl()[pri:4, instance:com.test.CustomerLoginTest@6631f5ca]" started-at="2023-08-29T18:33:56 IST" name="setWithdrawl" finished-at="2023-08-29T18:33:59 IST" duration-ms="3392" status="PASS">
          <reporter-output>
          </reporter-output>
        </test-method> <!-- setWithdrawl -->
        <test-method signature="logout()[pri:5, instance:com.test.CustomerLoginTest@6631f5ca]" started-at="2023-08-29T18:33:59 IST" name="logout" finished-at="2023-08-29T18:34:00 IST" duration-ms="240" status="PASS">
          <reporter-output>
          </reporter-output>
        </test-method> <!-- logout -->
      </class> <!-- com.test.CustomerLoginTest -->
    </test> <!-- XYZBank_Automation -->
  </suite> <!-- Default Suite -->
</testng-results>
